# JRE version: OpenJDK Runtime Environment (8.0_242-b01) (build 1.8.0_242-release-1644-b01)
# Java VM: OpenJDK 64-Bit Server VM (25.242-b01 mixed mode windows-amd64 compressed oops)
Heap:
 PSYoungGen      total 121344K, used 119851K [0x00000000d5580000, 0x00000000e3f00000, 0x0000000100000000)
  eden space 79872K, 98% used [0x00000000d5580000,0x00000000da20b248,0x00000000da380000)
  from space 41472K, 99% used [0x00000000ddb00000,0x00000000e037fc90,0x00000000e0380000)
  to   space 56832K, 0% used [0x00000000da380000,0x00000000da380000,0x00000000ddb00000)
 ParOldGen       total 105472K, used 77715K [0x0000000080000000, 0x0000000086700000, 0x00000000d5580000)
  object space 105472K, 73% used [0x0000000080000000,0x0000000084be4d58,0x0000000086700000)
 Metaspace       used 91762K, capacity 96420K, committed 96600K, reserved 1132544K
  class space    used 12193K, capacity 13100K, committed 13184K, reserved 1048576K
GC Heap History (10 events):
Event: 346.071 GC heap before
{Heap before GC invocations=19 (full 3):
 PSYoungGen      total 127488K, used 127430K [0x00000000d5580000, 0x00000000dea80000, 0x0000000100000000)
  eden space 108544K, 100% used [0x00000000d5580000,0x00000000dbf80000,0x00000000dbf80000)
  from space 18944K, 99% used [0x00000000dc280000,0x00000000dd4f1b60,0x00000000dd500000)
  to   space 22016K, 0% used [0x00000000dd500000,0x00000000dd500000,0x00000000dea80000)
 ParOldGen       total 105472K, used 32824K [0x0000000080000000, 0x0000000086700000, 0x00000000d5580000)
  object space 105472K, 31% used [0x0000000080000000,0x000000008200e150,0x0000000086700000)
 Metaspace       used 75432K, capacity 78806K, committed 79064K, reserved 1118208K
  class space    used 10206K, capacity 10893K, committed 11008K, reserved 1048576K
Event: 346.110 GC heap after
Heap after GC invocations=19 (full 3):
 PSYoungGen      total 125440K, used 22013K [0x00000000d5580000, 0x00000000df180000, 0x0000000100000000)
  eden space 103424K, 0% used [0x00000000d5580000,0x00000000d5580000,0x00000000dba80000)
  from space 22016K, 99% used [0x00000000dd500000,0x00000000dea7f6c8,0x00000000dea80000)
  to   space 27136K, 0% used [0x00000000dba80000,0x00000000dba80000,0x00000000dd500000)
 ParOldGen       total 105472K, used 38762K [0x0000000080000000, 0x0000000086700000, 0x00000000d5580000)
  object space 105472K, 36% used [0x0000000080000000,0x00000000825dab88,0x0000000086700000)
 Metaspace       used 75432K, capacity 78806K, committed 79064K, reserved 1118208K
  class space    used 10206K, capacity 10893K, committed 11008K, reserved 1048576K
}
Event: 356.222 GC heap before
{Heap before GC invocations=20 (full 3):
 PSYoungGen      total 125440K, used 125437K [0x00000000d5580000, 0x00000000df180000, 0x0000000100000000)
  eden space 103424K, 100% used [0x00000000d5580000,0x00000000dba80000,0x00000000dba80000)
  from space 22016K, 99% used [0x00000000dd500000,0x00000000dea7f6c8,0x00000000dea80000)
  to   space 27136K, 0% used [0x00000000dba80000,0x00000000dba80000,0x00000000dd500000)
 ParOldGen       total 105472K, used 38762K [0x0000000080000000, 0x0000000086700000, 0x00000000d5580000)
  object space 105472K, 36% used [0x0000000080000000,0x00000000825dab88,0x0000000086700000)
 Metaspace       used 85996K, capacity 90346K, committed 90584K, reserved 1128448K
  class space    used 11734K, capacity 12529K, committed 12544K, reserved 1048576K
Event: 356.346 GC heap after
Heap after GC invocations=20 (full 3):
 PSYoungGen      total 127488K, used 27127K [0x00000000d5580000, 0x00000000df980000, 0x0000000100000000)
  eden space 100352K, 0% used [0x00000000d5580000,0x00000000d5580000,0x00000000db780000)
  from space 27136K, 99% used [0x00000000dba80000,0x00000000dd4fdd60,0x00000000dd500000)
  to   space 33792K, 0% used [0x00000000dd880000,0x00000000dd880000,0x00000000df980000)
 ParOldGen       total 105472K, used 46717K [0x0000000080000000, 0x0000000086700000, 0x00000000d5580000)
  object space 105472K, 44% used [0x0000000080000000,0x0000000082d9f5c0,0x0000000086700000)
 Metaspace       used 85996K, capacity 90346K, committed 90584K, reserved 1128448K
  class space    used 11734K, capacity 12529K, committed 12544K, reserved 1048576K
}
Event: 510.689 GC heap before
{Heap before GC invocations=21 (full 3):
 PSYoungGen      total 127488K, used 127479K [0x00000000d5580000, 0x00000000df980000, 0x0000000100000000)
  eden space 100352K, 100% used [0x00000000d5580000,0x00000000db780000,0x00000000db780000)
  from space 27136K, 99% used [0x00000000dba80000,0x00000000dd4fdd60,0x00000000dd500000)
  to   space 33792K, 0% used [0x00000000dd880000,0x00000000dd880000,0x00000000df980000)
 ParOldGen       total 105472K, used 46717K [0x0000000080000000, 0x0000000086700000, 0x00000000d5580000)
  object space 105472K, 44% used [0x0000000080000000,0x0000000082d9f5c0,0x0000000086700000)
 Metaspace       used 90881K, capacity 95400K, committed 95704K, reserved 1132544K
  class space    used 12115K, capacity 12992K, committed 13056K, reserved 1048576K
Event: 510.758 GC heap after
Heap after GC invocations=21 (full 3):
 PSYoungGen      total 131584K, used 25777K [0x00000000d5580000, 0x00000000dfc00000, 0x0000000100000000)
  eden space 97792K, 0% used [0x00000000d5580000,0x00000000d5580000,0x00000000db500000)
  from space 33792K, 76% used [0x00000000dd880000,0x00000000df1ac638,0x00000000df980000)
  to   space 36352K, 0% used [0x00000000db500000,0x00000000db500000,0x00000000dd880000)
 ParOldGen       total 105472K, used 54231K [0x0000000080000000, 0x0000000086700000, 0x00000000d5580000)
  object space 105472K, 51% used [0x0000000080000000,0x00000000834f5c48,0x0000000086700000)
 Metaspace       used 90881K, capacity 95400K, committed 95704K, reserved 1132544K
  class space    used 12115K, capacity 12992K, committed 13056K, reserved 1048576K
}
Event: 516.931 GC heap before
{Heap before GC invocations=22 (full 3):
 PSYoungGen      total 131584K, used 123493K [0x00000000d5580000, 0x00000000dfc00000, 0x0000000100000000)
  eden space 97792K, 99% used [0x00000000d5580000,0x00000000db4ed148,0x00000000db500000)
  from space 33792K, 76% used [0x00000000dd880000,0x00000000df1ac638,0x00000000df980000)
  to   space 36352K, 0% used [0x00000000db500000,0x00000000db500000,0x00000000dd880000)
 ParOldGen       total 105472K, used 54231K [0x0000000080000000, 0x0000000086700000, 0x00000000d5580000)
  object space 105472K, 51% used [0x0000000080000000,0x00000000834f5c48,0x0000000086700000)
 Metaspace       used 91142K, capacity 95728K, committed 95960K, reserved 1132544K
  class space    used 12122K, capacity 13000K, committed 13056K, reserved 1048576K
Event: 516.991 GC heap after
Heap after GC invocations=22 (full 3):
 PSYoungGen      total 131584K, used 36124K [0x00000000d5580000, 0x00000000e0380000, 0x0000000100000000)
  eden space 95232K, 0% used [0x00000000d5580000,0x00000000d5580000,0x00000000db280000)
  from space 36352K, 99% used [0x00000000db500000,0x00000000dd8470f8,0x00000000dd880000)
  to   space 41472K, 0% used [0x00000000ddb00000,0x00000000ddb00000,0x00000000e0380000)
 ParOldGen       total 105472K, used 54239K [0x0000000080000000, 0x0000000086700000, 0x00000000d5580000)
  object space 105472K, 51% used [0x0000000080000000,0x00000000834f7c48,0x0000000086700000)
 Metaspace       used 91142K, capacity 95728K, committed 95960K, reserved 1132544K
  class space    used 12122K, capacity 13000K, committed 13056K, reserved 1048576K
}
Event: 519.836 GC heap before
{Heap before GC invocations=23 (full 3):
 PSYoungGen      total 131584K, used 131356K [0x00000000d5580000, 0x00000000e0380000, 0x0000000100000000)
  eden space 95232K, 100% used [0x00000000d5580000,0x00000000db280000,0x00000000db280000)
  from space 36352K, 99% used [0x00000000db500000,0x00000000dd8470f8,0x00000000dd880000)
  to   space 41472K, 0% used [0x00000000ddb00000,0x00000000ddb00000,0x00000000e0380000)
 ParOldGen       total 105472K, used 54239K [0x0000000080000000, 0x0000000086700000, 0x00000000d5580000)
  object space 105472K, 51% used [0x0000000080000000,0x00000000834f7c48,0x0000000086700000)
 Metaspace       used 91637K, capacity 96352K, committed 96600K, reserved 1132544K
  class space    used 12193K, capacity 13100K, committed 13184K, reserved 1048576K
Event: 520.005 GC heap after
Heap after GC invocations=23 (full 3):
 PSYoungGen      total 121344K, used 41471K [0x00000000d5580000, 0x00000000e3f00000, 0x0000000100000000)
  eden space 79872K, 0% used [0x00000000d5580000,0x00000000d5580000,0x00000000da380000)
  from space 41472K, 99% used [0x00000000ddb00000,0x00000000e037fc90,0x00000000e0380000)
  to   space 56832K, 0% used [0x00000000da380000,0x00000000da380000,0x00000000ddb00000)
 ParOldGen       total 105472K, used 77715K [0x0000000080000000, 0x0000000086700000, 0x00000000d5580000)
  object space 105472K, 73% used [0x0000000080000000,0x0000000084be4d58,0x0000000086700000)
 Metaspace       used 91637K, capacity 96352K, committed 96600K, reserved 1132544K
  class space    used 12193K, capacity 13100K, committed 13184K, reserved 1048576K
}

